→ gen_tech.py 3081 .TWO
wrote 3081_tech.json: frames=['D', 'W', 'M'] suffix=.TWO close=2120.0 signal=偏空(0/6)
→ gen_fund.py 3081
wrote 3081_fund.json: 月營收 13 筆(最新 2026/05 4.05億 年增118.8%), 季報 8 季
→ gen_val.py 3081 .TWO
wrote 3081_val.json: PE=277.5 TTM_EPS=7.64 PEG=0.12 區間={'min': 130.7, 'max': 1116.1, 'med': 277.5, 'pctile': 50} 
→ gen_chip.py 3081
wrote 3081_chip.json: 法人10日(最新外資474/投信-220張) 融資券10日
→ gen_events.py 3081
wrote 3081_events.json: 23 markers (除息2/財報8/月營收13)
→ gen_tech.py 4938 .TW
wrote 4938_tech.json: frames=['D', 'W', 'M'] suffix=.TW close=86.0 signal=偏空(2/6)
→ gen_fund.py 4938
wrote 4938_fund.json: 月營收 13 筆(最新 2026/05 959.63億 年增12.0%), 季報 8 季
→ gen_val.py 4938 .TW
wrote 4938_val.json: PE=19.8 TTM_EPS=4.35 PEG=None 區間={'min': 10.2, 'max': 22.6, 'med': 14.8, 'pctile': 98} 
→ gen_chip.py 4938
wrote 4938_chip.json: 法人10日(最新外資7649/投信-1237張) 融資券10日
→ gen_events.py 4938
wrote 4938_events.json: 24 markers (除息3/財報8/月營收13)
→ gen_tech.py 8299 .TWO
wrote 8299_tech.json: frames=['D', 'W', 'M'] suffix=.TWO close=2475.0 signal=偏多(5/6)
→ gen_fund.py 8299
wrote 8299_fund.json: 月營收 13 筆(最新 2026/05 228.28億 年增301.2%), 季報 8 季
→ gen_val.py 8299 .TWO
wrote 8299_val.json: PE=23.5 TTM_EPS=105.23 PEG=0.11 區間={'min': 10.7, 'max': 56.7, 'med': 16.3, 'pctile': 70} 
→ gen_chip.py 8299
wrote 8299_chip.json: 法人10日(最新外資-111/投信-46張) 融資券10日
→ gen_events.py 8299
wrote 8299_events.json: 25 markers (除息4/財報8/月營收13)
→ gen_tech.py 3060 .TW
wrote 3060_tech.json: frames=['D', 'W', 'M'] suffix=.TW close=37.1 signal=偏多(5/6)
→ gen_fund.py 3060
wrote 3060_fund.json: 月營收 13 筆(最新 2026/05 3.81億 年增27.8%), 季報 8 季
→ gen_val.py 3060 .TW
wrote 3060_val.json: PE=None TTM_EPS=-0.29 PEG=None 區間=None 近4季為虧損或 EPS 過小，本益比不適用（轉機/虧損股看 PB 與獲利轉折）
→ gen_chip.py 3060
wrote 3060_chip.json: 法人10日(最新外資-1597/投信0張) 融資券10日
→ gen_events.py 3060
wrote 3060_events.json: 23 markers (除息2/財報8/月營收13)
→ gen_tech.py 2357 .TW
wrote 2357_tech.json: frames=['D', 'W', 'M'] suffix=.TW close=748.0 signal=偏空(1/6)
→ gen_fund.py 2357
wrote 2357_fund.json: 月營收 13 筆(最新 2026/05 690.94億 年增9.3%), 季報 8 季
→ gen_val.py 2357 .TW
wrote 2357_val.json: PE=13.4 TTM_EPS=55.96 PEG=1.84 區間={'min': 8.3, 'max': 16.8, 'med': 12.8, 'pctile': 68} 
→ gen_chip.py 2357
wrote 2357_chip.json: 法人10日(最新外資-1225/投信201張) 融資券10日
→ gen_events.py 2357
wrote 2357_events.json: 23 markers (除息2/財報8/月營收13)
→ gen_tech.py 2353 .TW
wrote 2353_tech.json: frames=['D', 'W', 'M'] suffix=.TW close=33.8 signal=偏空(1/6)
→ gen_fund.py 2353
wrote 2353_fund.json: 月營收 13 筆(最新 2026/05 261.66億 年增36.5%), 季報 8 季
→ gen_val.py 2353 .TW
wrote 2353_val.json: PE=25.6 TTM_EPS=1.32 PEG=None 區間={'min': 16.8, 'max': 32.9, 'med': 21.5, 'pctile': 96} 
→ gen_chip.py 2353
wrote 2353_chip.json: 法人10日(最新外資3345/投信-188張) 融資券10日
→ gen_events.py 2353
wrote 2353_events.json: 23 markers (除息2/財報8/月營收13)
→ gen_tech.py 2377 .TW
wrote 2377_tech.json: frames=['D', 'W', 'M'] suffix=.TW close=133.5 signal=偏空(2/6)
→ gen_fund.py 2377
wrote 2377_fund.json: 月營收 13 筆(最新 2026/05 157.98億 年增-23.7%), 季報 8 季
→ gen_val.py 2377 .TW
wrote 2377_val.json: PE=13.9 TTM_EPS=9.57 PEG=0.28 區間={'min': 8.9, 'max': 27.9, 'med': 20.3, 'pctile': 15} 
→ gen_chip.py 2377
wrote 2377_chip.json: 法人10日(最新外資84/投信877張) 融資券10日
→ gen_events.py 2377
wrote 2377_events.json: 23 markers (除息2/財報8/月營收13)
→ gen_tech.py 2376 .TW
wrote 2376_tech.json: frames=['D', 'W', 'M'] suffix=.TW close=334.0 signal=偏空(2/6)
→ gen_fund.py 2376
wrote 2376_fund.json: 月營收 13 筆(最新 2026/05 490.53億 年增5.0%), 季報 8 季
→ gen_val.py 2376 .TW
wrote 2376_val.json: PE=15.6 TTM_EPS=21.4 PEG=0.53 區間={'min': 10.4, 'max': 34.3, 'med': 16.9, 'pctile': 36} 
→ gen_chip.py 2376
wrote 2376_chip.json: 法人10日(最新外資430/投信627張) 融資券10日
→ gen_events.py 2376
wrote 2376_events.json: 23 markers (除息2/財報8/月營收13)
→ gen_tech.py 2382 .TW
wrote 2382_tech.json: frames=['D', 'W', 'M'] suffix=.TW close=366.5 signal=偏空(2/6)
→ gen_fund.py 2382
wrote 2382_fund.json: 月營收 13 筆(最新 2026/05 3114.81億 年增94.4%), 季報 8 季
→ gen_val.py 2382 .TW
wrote 2382_val.json: PE=18.4 TTM_EPS=19.88 PEG=1.3 區間={'min': 10.2, 'max': 26.6, 'med': 16.2, 'pctile': 69} 
→ gen_chip.py 2382
wrote 2382_chip.json: 法人10日(最新外資-2668/投信2706張) 融資券10日
→ gen_events.py 2382
wrote 2382_events.json: 22 markers (除息1/財報8/月營收13)
→ gen_tech.py 3231 .TW
wrote 3231_tech.json: frames=['D', 'W', 'M'] suffix=.TW close=160.0 signal=中性(3/6)
→ gen_fund.py 3231
wrote 3231_fund.json: 月營收 13 筆(最新 2026/05 2901.83億 年增39.2%), 季報 8 季
→ gen_val.py 3231 .TW
wrote 3231_val.json: PE=15.6 TTM_EPS=10.23 PEG=0.3 區間={'min': 11.1, 'max': 22.9, 'med': 16.9, 'pctile': 26} 
→ gen_chip.py 3231
wrote 3231_chip.json: 法人10日(最新外資-15327/投信7826張) 融資券10日
→ gen_events.py 3231
wrote 3231_events.json: 23 markers (除息2/財報8/月營收13)
→ gen_tech.py 2324 .TW
wrote 2324_tech.json: frames=['D', 'W', 'M'] suffix=.TW close=36.85 signal=偏空(2/6)
→ gen_fund.py 2324
wrote 2324_fund.json: 月營收 13 筆(最新 2026/05 704.62億 年增22.3%), 季報 8 季
→ gen_val.py 2324 .TW
wrote 2324_val.json: PE=27.7 TTM_EPS=1.33 PEG=None 區間={'min': 10.0, 'max': 35.4, 'med': 16.6, 'pctile': 97} 
→ gen_chip.py 2324
wrote 2324_chip.json: 法人10日(最新外資-7141/投信-4227張) 融資券10日
→ gen_events.py 2324
wrote 2324_events.json: 23 markers (除息2/財報8/月營收13)
→ gen_tech.py 3017 .TW
wrote 3017_tech.json: frames=['D', 'W', 'M'] suffix=.TW close=2505.0 signal=中性(3/6)
→ gen_fund.py 3017
wrote 3017_fund.json: 月營收 13 筆(最新 2026/05 158.71億 年增60.6%), 季報 8 季
→ gen_val.py 3017 .TW
wrote 3017_val.json: PE=41.0 TTM_EPS=61.06 PEG=0.29 區間={'min': 13.4, 'max': 49.9, 'med': 32.9, 'pctile': 90} 
→ gen_chip.py 3017
wrote 3017_chip.json: 法人10日(最新外資862/投信-105張) 融資券10日
→ gen_events.py 3017
wrote 3017_events.json: 23 markers (除息2/財報8/月營收13)
→ gen_tech.py 3324 .TWO
wrote 3324_tech.json: frames=['D', 'W', 'M'] suffix=.TWO close=1010.0 signal=偏空(0/6)
→ gen_fund.py 3324
wrote 3324_fund.json: 月營收 13 筆(最新 2026/05 31.39億 年增93.8%), 季報 8 季
→ gen_val.py 3324 .TWO
wrote 3324_val.json: PE=28.7 TTM_EPS=35.15 PEG=0.51 區間={'min': 17.6, 'max': 53.9, 'med': 34.6, 'pctile': 20} 
→ gen_chip.py 3324
wrote 3324_chip.json: 法人10日(最新外資-755/投信0張) 融資券10日
→ gen_events.py 3324
wrote 3324_events.json: 24 markers (除息3/財報8/月營收13)
→ gen_tech.py 3037 .TW
wrote 3037_tech.json: frames=['D', 'W', 'M'] suffix=.TW close=1020.0 signal=偏多(5/6)
→ gen_fund.py 3037
wrote 3037_fund.json: 月營收 13 筆(最新 2026/05 140.6億 年增32.4%), 季報 8 季
→ gen_val.py 3037 .TW
wrote 3037_val.json: PE=144.5 TTM_EPS=7.06 PEG=0.72 區間={'min': 22.0, 'max': 153.7, 'med': 48.5, 'pctile': 99} 
→ gen_chip.py 3037
wrote 3037_chip.json: 法人10日(最新外資-7648/投信-25張) 融資券10日
→ gen_events.py 3037
wrote 3037_events.json: 24 markers (除息3/財報8/月營收13)
→ gen_tech.py 2383 .TW
wrote 2383_tech.json: frames=['D', 'W', 'M'] suffix=.TW close=5640.0 signal=偏多(6/6)
→ gen_fund.py 2383
wrote 2383_fund.json: 月營收 13 筆(最新 2026/05 156.19億 年增114.6%), 季報 8 季
→ gen_val.py 2383 .TW
wrote 2383_val.json: PE=121.2 TTM_EPS=46.55 PEG=2.68 區間={'min': 12.7, 'max': 125.1, 'med': 26.8, 'pctile': 100} 
→ gen_chip.py 2383
wrote 2383_chip.json: 法人10日(最新外資-164/投信20張) 融資券10日
→ gen_events.py 2383
wrote 2383_events.json: 23 markers (除息2/財報8/月營收13)
→ gen_tech.py 2327 .TW
wrote 2327_tech.json: frames=['D', 'W', 'M'] suffix=.TW close=1125.0 signal=偏多(6/6)
→ gen_fund.py 2327
wrote 2327_fund.json: 月營收 13 筆(最新 2026/05 150.58億 年增47.5%), 季報 8 季
→ gen_val.py 2327 .TW
wrote 2327_val.json: PE=56.2 TTM_EPS=20.03 PEG=None 區間={'min': 2.3, 'max': 56.2, 'med': 3.5, 'pctile': 100} 
→ gen_chip.py 2327
wrote 2327_chip.json: 法人10日(最新外資-3280/投信1542張) 融資券10日
→ gen_events.py 2327
wrote 2327_events.json: 25 markers (除息4/財報8/月營收13)
→ gen_tech.py 2492 .TW
wrote 2492_tech.json: frames=['D', 'W', 'M'] suffix=.TW close=599.0 signal=偏多(6/6)
→ gen_fund.py 2492
wrote 2492_fund.json: 月營收 13 筆(最新 2026/05 37.0億 年增16.5%), 季報 8 季
→ gen_val.py 2492 .TW
wrote 2492_val.json: PE=114.8 TTM_EPS=5.22 PEG=None 區間={'min': 10.9, 'max': 118.2, 'med': 23.6, 'pctile': 100} 
→ gen_chip.py 2492
wrote 2492_chip.json: 法人10日(最新外資1747/投信1張) 融資券10日
→ gen_events.py 2492
wrote 2492_events.json: 23 markers (除息2/財報8/月營收13)
→ gen_tech.py 6173 .TWO
wrote 6173_tech.json: frames=['D', 'W', 'M'] suffix=.TWO close=306.5 signal=偏多(5/6)
→ gen_fund.py 6173
wrote 6173_fund.json: 月營收 13 筆(最新 2026/05 4.58億 年增25.6%), 季報 8 季
→ gen_val.py 6173 .TWO
wrote 6173_val.json: PE=82.0 TTM_EPS=3.74 PEG=2.28 區間={'min': 10.8, 'max': 84.5, 'med': 18.7, 'pctile': 100} 
→ gen_chip.py 6173
wrote 6173_chip.json: 法人10日(最新外資41/投信0張) 融資券10日
→ gen_events.py 6173
wrote 6173_events.json: 23 markers (除息2/財報8/月營收13)
→ gen_tech.py 2428 .TW
wrote 2428_tech.json: frames=['D', 'W', 'M'] suffix=.TW close=308.0 signal=偏多(5/6)
→ gen_fund.py 2428
wrote 2428_fund.json: 月營收 13 筆(最新 2026/05 8.68億 年增29.7%), 季報 8 季
→ gen_val.py 2428 .TW
wrote 2428_val.json: PE=28.0 TTM_EPS=11.0 PEG=None 區間={'min': 8.7, 'max': 28.7, 'med': 14.1, 'pctile': 99} 
→ gen_chip.py 2428
wrote 2428_chip.json: 法人10日(最新外資-3/投信0張) 融資券10日
→ gen_events.py 2428
wrote 2428_events.json: 23 markers (除息2/財報8/月營收13)
→ gen_tech.py 2472 .TW
wrote 2472_tech.json: frames=['D', 'W', 'M'] suffix=.TW close=397.0 signal=偏多(4/6)
→ gen_fund.py 2472
wrote 2472_fund.json: 月營收 13 筆(最新 2026/05 12.1億 年增30.0%), 季報 8 季
→ gen_val.py 2472 .TW
wrote 2472_val.json: PE=45.9 TTM_EPS=8.65 PEG=2.29 區間={'min': 8.5, 'max': 46.5, 'med': 12.7, 'pctile': 100} 
→ gen_chip.py 2472
wrote 2472_chip.json: 法人10日(最新外資-471/投信54張) 融資券10日
→ gen_events.py 2472
wrote 2472_events.json: 23 markers (除息2/財報8/月營收13)
→ gen_tech.py 6175 .TWO
wrote 6175_tech.json: frames=['D', 'W', 'M'] suffix=.TWO close=116.5 signal=偏多(6/6)
→ gen_fund.py 6175
wrote 6175_fund.json: 月營收 13 筆(最新 2026/05 4.73億 年增25.0%), 季報 8 季
→ gen_val.py 6175 .TWO
wrote 6175_val.json: PE=43.5 TTM_EPS=2.68 PEG=None 區間={'min': 8.8, 'max': 43.5, 'med': 14.6, 'pctile': 100} 
→ gen_chip.py 6175
wrote 6175_chip.json: 法人10日(最新外資-983/投信0張) 融資券10日
→ gen_events.py 6175
wrote 6175_events.json: 23 markers (除息2/財報8/月營收13)
→ gen_tech.py 2313 .TW
wrote 2313_tech.json: frames=['D', 'W', 'M'] suffix=.TW close=233.0 signal=偏空(0/6)
→ gen_fund.py 2313
wrote 2313_fund.json: 月營收 13 筆(最新 2026/05 67.62億 年增13.0%), 季報 8 季
→ gen_val.py 2313 .TW
wrote 2313_val.json: PE=41.1 TTM_EPS=5.67 PEG=2.91 區間={'min': 8.9, 'max': 52.6, 'med': 15.9, 'pctile': 87} 
→ gen_chip.py 2313
wrote 2313_chip.json: 法人10日(最新外資-6181/投信-117張) 融資券10日
→ gen_events.py 2313
wrote 2313_events.json: 24 markers (除息3/財報8/月營收13)
→ gen_tech.py 6274 .TWO
wrote 6274_tech.json: frames=['D', 'W', 'M'] suffix=.TWO close=1700.0 signal=偏多(4/6)
→ gen_fund.py 6274
wrote 6274_fund.json: 月營收 13 筆(最新 2026/05 47.94億 年增124.4%), 季報 8 季
→ gen_val.py 6274 .TWO
wrote 6274_val.json: PE=120.9 TTM_EPS=14.06 PEG=3.34 區間={'min': 11.3, 'max': 135.1, 'med': 25.1, 'pctile': 99} 
→ gen_chip.py 6274
wrote 6274_chip.json: 法人10日(最新外資-535/投信87張) 融資券10日
→ gen_events.py 6274
wrote 6274_events.json: 23 markers (除息2/財報8/月營收13)
→ gen_tech.py 3491 .TWO
wrote 3491_tech.json: frames=['D', 'W', 'M'] suffix=.TWO close=1340.0 signal=偏空(0/6)
→ gen_fund.py 3491
wrote 3491_fund.json: 月營收 13 筆(最新 2026/05 2.96億 年增57.2%), 季報 8 季
→ gen_val.py 3491 .TWO
wrote 3491_val.json: PE=143.9 TTM_EPS=9.31 PEG=None 區間={'min': 32.7, 'max': 236.3, 'med': 55.3, 'pctile': 81} 
→ gen_chip.py 3491
wrote 3491_chip.json: 法人10日(最新外資-580/投信1張) 融資券10日
→ gen_events.py 3491
wrote 3491_events.json: 23 markers (除息2/財報8/月營收13)
→ gen_tech.py 2314 .TW
wrote 2314_tech.json: frames=['D', 'W', 'M'] suffix=.TW close=14.05 signal=偏空(0/6)
→ gen_fund.py 2314
wrote 2314_fund.json: 月營收 13 筆(最新 2026/05 1.1億 年增4.0%), 季報 8 季
→ gen_val.py 2314 .TW
wrote 2314_val.json: PE=None TTM_EPS=-4.4 PEG=None 區間=None 近4季為虧損或 EPS 過小，本益比不適用（轉機/虧損股看 PB 與獲利轉折）
→ gen_chip.py 2314
wrote 2314_chip.json: 法人10日(最新外資4/投信0張) 融資券10日
→ gen_events.py 2314
wrote 2314_events.json: 21 markers (除息0/財報8/月營收13)
→ gen_tech.py 6285 .TW
wrote 6285_tech.json: frames=['D', 'W', 'M'] suffix=.TW close=256.5 signal=偏空(1/6)
→ gen_fund.py 6285
wrote 6285_fund.json: 月營收 13 筆(最新 2026/05 121.68億 年增34.8%), 季報 8 季
→ gen_val.py 6285 .TW
wrote 6285_val.json: PE=37.5 TTM_EPS=6.84 PEG=None 區間={'min': 11.9, 'max': 46.6, 'med': 18.2, 'pctile': 93} 
→ gen_chip.py 6285
wrote 6285_chip.json: 法人10日(最新外資984/投信-889張) 融資券10日
→ gen_events.py 6285
wrote 6285_events.json: 23 markers (除息2/財報8/月營收13)
→ gen_tech.py 2481 .TW
wrote 2481_tech.json: frames=['D', 'W', 'M'] suffix=.TW close=192.0 signal=偏多(6/6)
→ gen_fund.py 2481
wrote 2481_fund.json: 月營收 13 筆(最新 2026/05 12.69億 年增13.7%), 季報 8 季
→ gen_val.py 2481 .TW
wrote 2481_val.json: PE=61.1 TTM_EPS=3.14 PEG=3.3 區間={'min': 14.6, 'max': 62.1, 'med': 25.1, 'pctile': 99} 
→ gen_chip.py 2481
wrote 2481_chip.json: 法人10日(最新外資-3038/投信0張) 融資券10日
→ gen_events.py 2481
wrote 2481_events.json: 24 markers (除息3/財報8/月營收13)
→ gen_tech.py 5425 .TWO
wrote 5425_tech.json: frames=['D', 'W', 'M'] suffix=.TWO close=127.0 signal=偏多(6/6)
→ gen_fund.py 5425
wrote 5425_fund.json: 月營收 13 筆(最新 2026/05 17.67億 年增11.8%), 季報 8 季
→ gen_val.py 5425 .TWO
wrote 5425_val.json: PE=55.0 TTM_EPS=2.31 PEG=2.71 區間={'min': 18.5, 'max': 58.0, 'med': 29.2, 'pctile': 99} 
→ gen_chip.py 5425
wrote 5425_chip.json: 法人10日(最新外資-2736/投信0張) 融資券10日
→ gen_events.py 5425
wrote 5425_events.json: 23 markers (除息2/財報8/月營收13)
→ gen_tech.py 3675 .TWO
wrote 3675_tech.json: frames=['D', 'W', 'M'] suffix=.TWO close=385.5 signal=偏多(6/6)
→ gen_fund.py 3675
wrote 3675_fund.json: 月營收 13 筆(最新 2026/05 2.67億 年增24.4%), 季報 8 季
→ gen_val.py 3675 .TWO
wrote 3675_val.json: PE=136.7 TTM_EPS=2.82 PEG=None 區間={'min': 15.6, 'max': 158.0, 'med': 36.4, 'pctile': 99} 
→ gen_chip.py 3675
wrote 3675_chip.json: 法人10日(最新外資-98/投信0張) 融資券10日
→ gen_events.py 3675
wrote 3675_events.json: 23 markers (除息2/財報8/月營收13)
→ gen_tech.py 8255 .TWO
wrote 8255_tech.json: frames=['D', 'W', 'M'] suffix=.TWO close=187.5 signal=偏多(5/6)
→ gen_fund.py 8255
wrote 8255_fund.json: 月營收 13 筆(最新 2026/05 6.19億 年增-11.6%), 季報 8 季
→ gen_val.py 8255 .TWO
wrote 8255_val.json: PE=32.8 TTM_EPS=5.71 PEG=None 區間={'min': 12.5, 'max': 37.6, 'med': 20.5, 'pctile': 99} 
→ gen_chip.py 8255
wrote 8255_chip.json: 法人10日(最新外資-110/投信0張) 融資券10日
→ gen_events.py 8255
wrote 8255_events.json: 23 markers (除息2/財報8/月營收13)
→ gen_tech.py 3317 .TWO
wrote 3317_tech.json: frames=['D', 'W', 'M'] suffix=.TWO close=92.8 signal=偏多(5/6)
→ gen_fund.py 3317
wrote 3317_fund.json: 月營收 13 筆(最新 2026/05 2.14億 年增-13.1%), 季報 8 季
→ gen_val.py 3317 .TWO
wrote 3317_val.json: PE=48.8 TTM_EPS=1.9 PEG=None 區間={'min': 10.7, 'max': 51.1, 'med': 16.9, 'pctile': 99} 
→ gen_chip.py 3317
wrote 3317_chip.json: 法人10日(最新外資-768/投信0張) 融資券10日
→ gen_events.py 3317
wrote 3317_events.json: 23 markers (除息2/財報8/月營收13)
→ gen_tech.py 6435 .TWO
wrote 6435_tech.json: frames=['D', 'W', 'M'] suffix=.TWO close=353.5 signal=偏多(6/6)
→ gen_fund.py 6435
wrote 6435_fund.json: 月營收 13 筆(最新 2026/05 3.18億 年增22.2%), 季報 8 季
→ gen_val.py 6435 .TWO
wrote 6435_val.json: PE=32.7 TTM_EPS=10.82 PEG=0.58 區間={'min': 11.3, 'max': 33.5, 'med': 15.7, 'pctile': 100} 
→ gen_chip.py 6435
wrote 6435_chip.json: 法人10日(最新外資-163/投信0張) 融資券10日
→ gen_events.py 6435
wrote 6435_events.json: 23 markers (除息2/財報8/月營收13)
→ gen_tech.py 8261 .TW
wrote 8261_tech.json: frames=['D', 'W', 'M'] suffix=.TW close=255.5 signal=偏多(6/6)
→ gen_fund.py 8261
wrote 8261_fund.json: 月營收 13 筆(最新 2026/05 2.97億 年增1.2%), 季報 8 季
→ gen_val.py 8261 .TW
wrote 8261_val.json: PE=43.7 TTM_EPS=5.85 PEG=7.05 區間={'min': 10.9, 'max': 44.4, 'med': 18.1, 'pctile': 100} 
→ gen_chip.py 8261
wrote 8261_chip.json: 法人10日(最新外資2616/投信0張) 融資券10日
→ gen_events.py 8261
wrote 8261_events.json: 23 markers (除息2/財報8/月營收13)
→ gen_tech.py 5299 .TWO
wrote 5299_tech.json: frames=['D', 'W', 'M'] suffix=.TWO close=128.0 signal=偏多(6/6)
→ gen_fund.py 5299
wrote 5299_fund.json: 月營收 13 筆(最新 2026/05 1.34億 年增2.2%), 季報 8 季
→ gen_val.py 5299 .TWO
wrote 5299_val.json: PE=26.4 TTM_EPS=4.84 PEG=None 區間={'min': 13.0, 'max': 27.2, 'med': 17.3, 'pctile': 99} 
→ gen_chip.py 5299
wrote 5299_chip.json: 法人10日(最新外資-208/投信0張) 融資券10日
→ gen_events.py 5299
wrote 5299_events.json: 23 markers (除息2/財報8/月營收13)
→ gen_tech.py 6138 .TWO
wrote 6138_tech.json: frames=['D', 'W', 'M'] suffix=.TWO close=364.0 signal=偏多(5/6)
→ gen_fund.py 6138
wrote 6138_fund.json: 月營收 13 筆(最新 2026/05 6.86億 年增15.4%), 季報 8 季
→ gen_val.py 6138 .TWO
wrote 6138_val.json: PE=25.8 TTM_EPS=14.12 PEG=0.66 區間={'min': 12.4, 'max': 27.9, 'med': 18.1, 'pctile': 100} 
→ gen_chip.py 6138
wrote 6138_chip.json: 法人10日(最新外資-199/投信118張) 融資券10日
→ gen_events.py 6138
wrote 6138_events.json: 23 markers (除息2/財報8/月營收13)
→ gen_tech.py 6719 .TW
wrote 6719_tech.json: frames=['D', 'W', 'M'] suffix=.TW close=295.5 signal=偏多(6/6)
→ gen_fund.py 6719
wrote 6719_fund.json: 月營收 13 筆(最新 2026/05 3.67億 年增-9.6%), 季報 8 季
→ gen_val.py 6719 .TW
wrote 6719_val.json: PE=41.0 TTM_EPS=7.2 PEG=0.24 區間={'min': 21.9, 'max': 125.5, 'med': 76.9, 'pctile': 23} 
→ gen_chip.py 6719
wrote 6719_chip.json: 法人10日(最新外資-1000/投信5張) 融資券10日
→ gen_events.py 6719
wrote 6719_events.json: 23 markers (除息2/財報8/月營收13)
→ gen_tech.py 3707 .TWO
wrote 3707_tech.json: frames=['D', 'W', 'M'] suffix=.TWO close=85.8 signal=偏多(5/6)
→ gen_fund.py 3707
wrote 3707_fund.json: 月營收 13 筆(最新 2026/05 5.9億 年增28.0%), 季報 8 季
→ gen_val.py 3707 .TWO
wrote 3707_val.json: PE=None TTM_EPS=-1.77 PEG=None 區間=None 近4季為虧損或 EPS 過小，本益比不適用（轉機/虧損股看 PB 與獲利轉折）
→ gen_chip.py 3707
wrote 3707_chip.json: 法人10日(最新外資-4875/投信0張) 融資券10日
→ gen_events.py 3707
wrote 3707_events.json: 21 markers (除息0/財報8/月營收13)
→ gen_tech.py 3016 .TW
wrote 3016_tech.json: frames=['D', 'W', 'M'] suffix=.TW close=133.5 signal=偏多(5/6)
→ gen_fund.py 3016
wrote 3016_fund.json: 月營收 13 筆(最新 2026/05 4.34億 年增37.3%), 季報 8 季
→ gen_val.py 3016 .TW
wrote 3016_val.json: PE=325.6 TTM_EPS=0.41 PEG=None 區間={'min': 34.3, 'max': 6160.0, 'med': 106.0, 'pctile': 71} 
→ gen_chip.py 3016
wrote 3016_chip.json: 法人10日(最新外資2653/投信0張) 融資券10日
→ gen_events.py 3016
wrote 3016_events.json: 23 markers (除息2/財報8/月營收13)
→ gen_tech.py 5347 .TWO
wrote 5347_tech.json: frames=['D', 'W', 'M'] suffix=.TWO close=220.0 signal=偏多(6/6)
→ gen_fund.py 5347
wrote 5347_fund.json: 月營收 13 筆(最新 2026/05 42.42億 年增19.5%), 季報 8 季
→ gen_val.py 5347 .TWO
wrote 5347_val.json: PE=52.3 TTM_EPS=4.21 PEG=None 區間={'min': 15.7, 'max': 52.3, 'med': 22.2, 'pctile': 100} 
→ gen_chip.py 5347
wrote 5347_chip.json: 法人10日(最新外資-12583/投信10845張) 融資券10日
→ gen_events.py 5347
wrote 5347_events.json: 24 markers (除息3/財報8/月營收13)
→ gen_tech.py 1536 .TW
wrote 1536_tech.json: frames=['D', 'W', 'M'] suffix=.TW close=48.05 signal=偏空(0/6)
→ gen_fund.py 1536
wrote 1536_fund.json: 月營收 13 筆(最新 2026/05 3.95億 年增12.2%), 季報 8 季
→ gen_val.py 1536 .TW
wrote 1536_val.json: PE=None TTM_EPS=-2.9 PEG=None 區間=None 近4季為虧損或 EPS 過小，本益比不適用（轉機/虧損股看 PB 與獲利轉折）
→ gen_chip.py 1536
wrote 1536_chip.json: 法人10日(最新外資-650/投信0張) 融資券10日
→ gen_events.py 1536
wrote 1536_events.json: 23 markers (除息2/財報8/月營收13)
→ gen_tech.py 2049 .TW
wrote 2049_tech.json: frames=['D', 'W', 'M'] suffix=.TW close=334.5 signal=偏空(2/6)
→ gen_fund.py 2049
wrote 2049_fund.json: 月營收 13 筆(最新 2026/05 24.8億 年增28.2%), 季報 8 季
→ gen_val.py 2049 .TW
wrote 2049_val.json: PE=73.0 TTM_EPS=4.58 PEG=None 區間={'min': 30.8, 'max': 89.4, 'med': 47.5, 'pctile': 95} 
→ gen_chip.py 2049
wrote 2049_chip.json: 法人10日(最新外資124/投信-23張) 融資券10日
→ gen_events.py 2049
wrote 2049_events.json: 23 markers (除息2/財報8/月營收13)
→ gen_tech.py 4576 .TW
wrote 4576_tech.json: frames=['D', 'W', 'M'] suffix=.TW close=219.0 signal=中性(3/6)
→ gen_fund.py 4576
wrote 4576_fund.json: 月營收 13 筆(最新 2026/05 3.35億 年增47.3%), 季報 8 季
→ gen_val.py 4576 .TW
wrote 4576_val.json: PE=86.6 TTM_EPS=2.53 PEG=0.71 區間={'min': 51.2, 'max': 693.5, 'med': 105.3, 'pctile': 31} 
→ gen_chip.py 4576
wrote 4576_chip.json: 法人10日(最新外資68/投信0張) 融資券10日
→ gen_events.py 4576
wrote 4576_events.json: 23 markers (除息2/財報8/月營收13)
→ gen_tech.py 4583 .TW
wrote 4583_tech.json: frames=['D', 'W', 'M'] suffix=.TW close=600.0 signal=偏空(0/6)
→ gen_fund.py 4583
wrote 4583_fund.json: 月營收 13 筆(最新 2026/05 2.86億 年增6.9%), 季報 8 季
→ gen_val.py 4583 .TW
wrote 4583_val.json: PE=52.6 TTM_EPS=11.4 PEG=None 區間={'min': 20.8, 'max': 75.6, 'med': 57.4, 'pctile': 22} 
→ gen_chip.py 4583
wrote 4583_chip.json: 法人10日(最新外資2/投信0張) 融資券10日
→ gen_events.py 4583
wrote 4583_events.json: 23 markers (除息2/財報8/月營收13)
→ gen_tech.py 4571 .TW
wrote 4571_tech.json: frames=['D', 'W', 'M'] suffix=.TW close=170.5 signal=偏空(0/6)
→ gen_fund.py 4571
wrote 4571_fund.json: 月營收 13 筆(最新 2026/05 2.59億 年增7.2%), 季報 8 季
→ gen_val.py 4571 .TW
wrote 4571_val.json: PE=18.9 TTM_EPS=9.02 PEG=None 區間={'min': 12.0, 'max': 34.4, 'med': 18.7, 'pctile': 52} 
→ gen_chip.py 4571
wrote 4571_chip.json: 法人10日(最新外資-159/投信0張) 融資券10日
→ gen_events.py 4571
wrote 4571_events.json: 23 markers (除息2/財報8/月營收13)
→ gen_tech.py 1597 .TW
wrote 1597_tech.json: frames=['D', 'W', 'M'] suffix=.TW close=153.5 signal=偏空(2/6)
→ gen_fund.py 1597
wrote 1597_fund.json: 月營收 13 筆(最新 2026/05 1.38億 年增51.4%), 季報 8 季
→ gen_val.py 1597 .TW
wrote 1597_val.json: PE=129.0 TTM_EPS=1.19 PEG=2.97 區間={'min': 63.6, 'max': 185.7, 'med': 106.9, 'pctile': 67} 
→ gen_chip.py 1597
wrote 1597_chip.json: 法人10日(最新外資168/投信-5張) 融資券10日
→ gen_events.py 1597
wrote 1597_events.json: 23 markers (除息2/財報8/月營收13)
→ gen_tech.py 3019 .TW
wrote 3019_tech.json: frames=['D', 'W', 'M'] suffix=.TW close=150.0 signal=偏空(2/6)
→ gen_fund.py 3019
wrote 3019_fund.json: 月營收 13 筆(最新 2026/05 26.24億 年增16.2%), 季報 8 季
→ gen_val.py 3019 .TW
wrote 3019_val.json: PE=21.9 TTM_EPS=6.86 PEG=1.99 區間={'min': 16.6, 'max': 36.2, 'med': 21.8, 'pctile': 51} 
→ gen_chip.py 3019
wrote 3019_chip.json: 法人10日(最新外資-808/投信0張) 融資券10日
→ gen_events.py 3019
wrote 3019_events.json: 23 markers (除息2/財報8/月營收13)
→ gen_tech.py 3362 .TWO
wrote 3362_tech.json: frames=['D', 'W', 'M'] suffix=.TWO close=211.0 signal=偏多(5/6)
→ gen_fund.py 3362
wrote 3362_fund.json: 月營收 13 筆(最新 2026/05 3.15億 年增-13.9%), 季報 8 季
→ gen_val.py 3362 .TWO
wrote 3362_val.json: PE=None TTM_EPS=-1.84 PEG=None 區間=None 近4季為虧損或 EPS 過小，本益比不適用（轉機/虧損股看 PB 與獲利轉折）
→ gen_chip.py 3362
wrote 3362_chip.json: 法人10日(最新外資945/投信0張) 融資券10日
→ gen_events.py 3362
wrote 3362_events.json: 24 markers (除息3/財報8/月營收13)
→ gen_tech.py 2374 .TW
wrote 2374_tech.json: frames=['D', 'W', 'M'] suffix=.TW close=79.4 signal=偏多(5/6)
→ gen_fund.py 2374
wrote 2374_fund.json: 月營收 13 筆(最新 2026/05 10.06億 年增27.8%), 季報 8 季
→ gen_val.py 2374 .TW
wrote 2374_val.json: PE=26.9 TTM_EPS=2.95 PEG=0.35 區間={'min': 19.1, 'max': 60.9, 'med': 27.9, 'pctile': 39} 
→ gen_chip.py 2374
wrote 2374_chip.json: 法人10日(最新外資-791/投信0張) 融資券10日
→ gen_events.py 2374
wrote 2374_events.json: 24 markers (除息3/財報8/月營收13)
→ gen_tech.py 5371 .TWO
wrote 5371_tech.json: frames=['D', 'W', 'M'] suffix=.TWO close=74.7 signal=偏多(6/6)
→ gen_fund.py 5371
wrote 5371_fund.json: 月營收 13 筆(最新 2026/05 32.43億 年增6.1%), 季報 8 季
→ gen_val.py 5371 .TWO
wrote 5371_val.json: PE=124.5 TTM_EPS=0.6 PEG=None 區間={'min': 22.4, 'max': 133.3, 'med': 43.2, 'pctile': 96} 
→ gen_chip.py 5371
wrote 5371_chip.json: 法人10日(最新外資-2745/投信0張) 融資券10日
→ gen_events.py 5371
wrote 5371_events.json: 24 markers (除息3/財報8/月營收13)
→ gen_tech.py 2464 .TW
wrote 2464_tech.json: frames=['D', 'W', 'M'] suffix=.TW close=169.5 signal=偏多(5/6)
→ gen_fund.py 2464
wrote 2464_fund.json: 月營收 13 筆(最新 2026/05 7.02億 年增30.8%), 季報 8 季
→ gen_val.py 2464 .TW
wrote 2464_val.json: PE=None TTM_EPS=-0.61 PEG=None 區間=None 近4季為虧損或 EPS 過小，本益比不適用（轉機/虧損股看 PB 與獲利轉折）
→ gen_chip.py 2464
wrote 2464_chip.json: 法人10日(最新外資484/投信0張) 融資券10日
→ gen_events.py 2464
wrote 2464_events.json: 24 markers (除息3/財報8/月營收13)
→ gen_tech.py 2308 .TW
wrote 2308_tech.json: frames=['D', 'W', 'M'] suffix=.TW close=1980.0 signal=偏空(0/6)
→ gen_fund.py 2308
wrote 2308_fund.json: 月營收 0 筆(最新 None None億 年增None%), 季報 0 季
→ gen_val.py 2308 .TW
wrote 2308_val.json: PE=None TTM_EPS=None PEG=None 區間=None 近4季為虧損或 EPS 過小，本益比不適用（轉機/虧損股看 PB 與獲利轉折）
→ gen_chip.py 2308
wrote 2308_chip.json: 法人0日(最新外資None/投信None張) 融資券0日
→ gen_events.py 2308
wrote 2308_events.json: 0 markers (除息0/財報0/月營收0)
→ gen_tech.py 8374 .TW
wrote 8374_tech.json: frames=['D', 'W', 'M'] suffix=.TW close=88.2 signal=偏空(0/6)
→ gen_fund.py 8374
wrote 8374_fund.json: 月營收 0 筆(最新 None None億 年增None%), 季報 0 季
→ gen_val.py 8374 .TW
wrote 8374_val.json: PE=None TTM_EPS=None PEG=None 區間=None 近4季為虧損或 EPS 過小，本益比不適用（轉機/虧損股看 PB 與獲利轉折）
→ gen_chip.py 8374
wrote 8374_chip.json: 法人0日(最新外資None/投信None張) 融資券0日
→ gen_events.py 8374
wrote 8374_events.json: 0 markers (除息0/財報0/月營收0)
→ gen_tech.py 4585 .TW
wrote 4585_tech.json: frames=['D', 'W', 'M'] suffix=.TW close=302.0 signal=偏空(0/6)
→ gen_fund.py 4585
wrote 4585_fund.json: 月營收 0 筆(最新 None None億 年增None%), 季報 0 季
→ gen_val.py 4585 .TW
wrote 4585_val.json: PE=None TTM_EPS=None PEG=None 區間=None 近4季為虧損或 EPS 過小，本益比不適用（轉機/虧損股看 PB 與獲利轉折）
→ gen_chip.py 4585
wrote 4585_chip.json: 法人0日(最新外資None/投信None張) 融資券0日
→ gen_events.py 4585
wrote 4585_events.json: 1 markers (除息1/財報0/月營收0)
